This is pdfTeX, Version 3.141592653-2.6-1.40.24 (TeX Live 2022/Arch Linux) (preloaded format=pdflatex 2022.5.14)  26 AUG 2022 10:42
entering extended mode
 restricted \write18 enabled.
 %&-line parsing enabled.
**syllabus_1/chapitres/calcul_mental/calcul_mental.tex
(./syllabus_1/chapitres/calcul_mental/calcul_mental.tex
LaTeX2e <2021-11-15> patch level 1
L3 programming layer <2022-04-10>
(/usr/share/texmf-dist/tex/latex/subfiles/subfiles.cls
Document Class: subfiles 2020/11/14 v2.2 Multi-file projects (class)
Preamble taken from file `../../syllabus_1.tex'
(/usr/share/texmf-dist/tex/latex/import/import.sty
Package: import 2020/04/01  v 6.2
)

! LaTeX Error: File `../../syllabus_1.tex' not found.

Type X to quit or <RETURN> to proceed,
or enter new name. (Default extension: tex)

Enter file name: x

! Emergency stop.
<read *> 
         
l.45 \input{\preamble@file}
                           
*** (cannot \read from terminal in nonstop modes)

 
Here is how much of TeX's memory you used:
 84 strings out of 478238
 1996 string characters out of 5850456
 291508 words of memory out of 5000000
 18409 multiletter control sequences out of 15000+600000
 469259 words of font info for 28 fonts, out of 8000000 for 9000
 1141 hyphenation exceptions out of 8191
 40i,0n,48p,202b,18s stack positions out of 5000i,500n,10000p,200000b,80000s
!  ==> Fatal error occurred, no output PDF file produced!
