This is pdfTeX, Version 3.141592653-2.6-1.40.24 (TeX Live 2022/Arch Linux) (preloaded format=pdflatex 2022.5.14)  7 SEP 2022 12:44
entering extended mode
 restricted \write18 enabled.
 %&-line parsing enabled.
**travail_de_vacances.tex
(./travail_de_vacances.tex
LaTeX2e <2021-11-15> patch level 1
L3 programming layer <2022-04-10>
(/usr/share/texmf-dist/tex/latex/koma-script/scrartcl.cls
Document Class: scrartcl 2021/11/13 v3.35 KOMA-Script document class (article)
(/usr/share/texmf-dist/tex/latex/koma-script/scrkbase.sty
Package: scrkbase 2021/11/13 v3.35 KOMA-Script package (KOMA-Script-dependent b
asics and keyval usage)

(/usr/share/texmf-dist/tex/latex/koma-script/scrbase.sty
Package: scrbase 2021/11/13 v3.35 KOMA-Script package (KOMA-Script-independent 
basics and keyval usage)

(/usr/share/texmf-dist/tex/latex/koma-script/scrlfile.sty
Package: scrlfile 2021/11/13 v3.35 KOMA-Script package (file load hooks)

(/usr/share/texmf-dist/tex/latex/koma-script/scrlfile-hook.sty
Package: scrlfile-hook 2021/11/13 v3.35 KOMA-Script package (using LaTeX hooks)


(/usr/share/texmf-dist/tex/latex/koma-script/scrlogo.sty
Package: scrlogo 2021/11/13 v3.35 KOMA-Script package (logo)
)))
(/usr/share/texmf-dist/tex/latex/graphics/keyval.sty
Package: keyval 2014/10/28 v1.15 key=value parser (DPC)
\KV@toks@=\toks16
)
Applying: [2021/05/01] Usage of raw or classic option list on input line 252.
Already applied: [0000/00/00] Usage of raw or classic option list on input line
 368.
))
(/usr/share/texmf-dist/tex/latex/koma-script/tocbasic.sty
Package: tocbasic 2021/11/13 v3.35 KOMA-Script package (handling toc-files)
\scr@dte@tocline@numberwidth=\skip47
\scr@dte@tocline@numbox=\box50
)
Package tocbasic Info: babel extension for `toc' omitted
(tocbasic)             because of missing \bbl@set@language on input line 135.
Class scrartcl Info: File `scrsize12pt.clo' used to setup font sizes on input l
ine 2242.

(/usr/share/texmf-dist/tex/latex/koma-script/scrsize12pt.clo
File: scrsize12pt.clo 2021/11/13 v3.35 KOMA-Script font size class option (12pt
)
)
(/usr/share/texmf-dist/tex/latex/koma-script/typearea.sty
Package: typearea 2021/11/13 v3.35 KOMA-Script package (type area)
\ta@bcor=\skip48
\ta@div=\count185
Package typearea Info: You've used standard option `a4paper'.
(typearea)             This is correct!
(typearea)             Internally I'm using `paper=a4'.
(typearea)             If you'd like to set the option with \KOMAoptions,
(typearea)             you'd have to use `paper=a4' there
(typearea)             instead of `a4paper', too.
\ta@hblk=\skip49
\ta@vblk=\skip50
\ta@temp=\skip51
\footheight=\skip52
Package typearea Info: These are the values describing the layout:
(typearea)             DIV  = 12
(typearea)             BCOR = 0.0pt
(typearea)             \paperwidth      = 597.50793pt
(typearea)              \textwidth      = 448.13095pt
(typearea)              DIV departure   = -6%
(typearea)              \evensidemargin = 2.4185pt
(typearea)              \oddsidemargin  = 2.4185pt
(typearea)             \paperheight     = 845.04694pt
(typearea)              \textheight     = 635.5pt
(typearea)              \topmargin      = -41.72441pt
(typearea)              \headheight     = 18.125pt
(typearea)              \headsep        = 21.75pt
(typearea)              \topskip        = 12.0pt
(typearea)              \footskip       = 50.75pt
(typearea)              \baselineskip   = 14.5pt
(typearea)              on input line 1743.
)
\c@part=\count186
\c@section=\count187
\c@subsection=\count188
\c@subsubsection=\count189
\c@paragraph=\count190
\c@subparagraph=\count191
\scr@dte@section@maxnumwidth=\skip53
Class scrartcl Info: using compatibility default `runin=bysign'
(scrartcl)           for `\section on input line 4852.
Class scrartcl Info: using compatibility default `afterindent=bysign'
(scrartcl)           for `\section on input line 4852.
\scr@dte@part@maxnumwidth=\skip54
Class scrartcl Info: using compatibility default `afterindent=false'
(scrartcl)           for `\part on input line 4860.
\scr@dte@subsection@maxnumwidth=\skip55
Class scrartcl Info: using compatibility default `runin=bysign'
(scrartcl)           for `\subsection on input line 4870.
Class scrartcl Info: using compatibility default `afterindent=bysign'
(scrartcl)           for `\subsection on input line 4870.
\scr@dte@subsubsection@maxnumwidth=\skip56
Class scrartcl Info: using compatibility default `runin=bysign'
(scrartcl)           for `\subsubsection on input line 4880.
Class scrartcl Info: using compatibility default `afterindent=bysign'
(scrartcl)           for `\subsubsection on input line 4880.
\scr@dte@paragraph@maxnumwidth=\skip57
Class scrartcl Info: using compatibility default `runin=bysign'
(scrartcl)           for `\paragraph on input line 4891.
Class scrartcl Info: using compatibility default `afterindent=bysign'
(scrartcl)           for `\paragraph on input line 4891.
\scr@dte@subparagraph@maxnumwidth=\skip58
Class scrartcl Info: using compatibility default `runin=bysign'
(scrartcl)           for `\subparagraph on input line 4901.
Class scrartcl Info: using compatibility default `afterindent=bysign'
(scrartcl)           for `\subparagraph on input line 4901.
\abovecaptionskip=\skip59
\belowcaptionskip=\skip60
\c@pti@nb@sid@b@x=\box51
Package tocbasic Info: babel extension for `lof' omitted
(tocbasic)             because of missing \bbl@set@language on input line 6076.

\scr@dte@figure@maxnumwidth=\skip61
\c@figure=\count192
Package tocbasic Info: babel extension for `lot' omitted
(tocbasic)             because of missing \bbl@set@language on input line 6091.

\scr@dte@table@maxnumwidth=\skip62
\c@table=\count193
Class scrartcl Info: Redefining `\numberline' on input line 6258.
\bibindent=\dimen138
) (./preamble.tex
(/usr/share/texmf-dist/tex/latex/base/fontenc.sty
Package: fontenc 2021/04/29 v2.0v Standard LaTeX package
)
(/usr/share/texmf-dist/tex/latex/base/inputenc.sty
Package: inputenc 2021/02/14 v1.3d Input encoding file
\inpenc@prehook=\toks17
\inpenc@posthook=\toks18
)
(/usr/share/texmf-dist/tex/latex/mathtools/mathtools.sty
Package: mathtools 2022/02/07 v1.28a mathematical typesetting tools

(/usr/share/texmf-dist/tex/latex/tools/calc.sty
Package: calc 2017/05/25 v4.3 Infix arithmetic (KKT,FJ)
\calc@Acount=\count194
\calc@Bcount=\count195
\calc@Adimen=\dimen139
\calc@Bdimen=\dimen140
\calc@Askip=\skip63
\calc@Bskip=\skip64
LaTeX Info: Redefining \setlength on input line 80.
LaTeX Info: Redefining \addtolength on input line 81.
\calc@Ccount=\count196
\calc@Cskip=\skip65
)
(/usr/share/texmf-dist/tex/latex/mathtools/mhsetup.sty
Package: mhsetup 2021/03/18 v1.4 programming setup (MH)
)
(/usr/share/texmf-dist/tex/latex/amsmath/amsmath.sty
Package: amsmath 2021/10/15 v2.17l AMS math features
\@mathmargin=\skip66

For additional information on amsmath, use the `?' option.
(/usr/share/texmf-dist/tex/latex/amsmath/amstext.sty
Package: amstext 2021/08/26 v2.01 AMS text

(/usr/share/texmf-dist/tex/latex/amsmath/amsgen.sty
File: amsgen.sty 1999/11/30 v2.0 generic functions
\@emptytoks=\toks19
\ex@=\dimen141
))
(/usr/share/texmf-dist/tex/latex/amsmath/amsbsy.sty
Package: amsbsy 1999/11/29 v1.2d Bold Symbols
\pmbraise@=\dimen142
)
(/usr/share/texmf-dist/tex/latex/amsmath/amsopn.sty
Package: amsopn 2021/08/26 v2.02 operator names
)
\inf@bad=\count197
LaTeX Info: Redefining \frac on input line 234.
\uproot@=\count198
\leftroot@=\count199
LaTeX Info: Redefining \overline on input line 399.
\classnum@=\count266
\DOTSCASE@=\count267
LaTeX Info: Redefining \ldots on input line 496.
LaTeX Info: Redefining \dots on input line 499.
LaTeX Info: Redefining \cdots on input line 620.
\Mathstrutbox@=\box52
\strutbox@=\box53
\big@size=\dimen143
LaTeX Font Info:    Redeclaring font encoding OML on input line 743.
LaTeX Font Info:    Redeclaring font encoding OMS on input line 744.
\macc@depth=\count268
\c@MaxMatrixCols=\count269
\dotsspace@=\muskip16
\c@parentequation=\count270
\dspbrk@lvl=\count271
\tag@help=\toks20
\row@=\count272
\column@=\count273
\maxfields@=\count274
\andhelp@=\toks21
\eqnshift@=\dimen144
\alignsep@=\dimen145
\tagshift@=\dimen146
\tagwidth@=\dimen147
\totwidth@=\dimen148
\lineht@=\dimen149
\@envbody=\toks22
\multlinegap=\skip67
\multlinetaggap=\skip68
\mathdisplay@stack=\toks23
LaTeX Info: Redefining \[ on input line 2938.
LaTeX Info: Redefining \] on input line 2939.
)
\g_MT_multlinerow_int=\count275
\l_MT_multwidth_dim=\dimen150
\origjot=\skip69
\l_MT_shortvdotswithinadjustabove_dim=\dimen151
\l_MT_shortvdotswithinadjustbelow_dim=\dimen152
\l_MT_above_intertext_sep=\dimen153
\l_MT_below_intertext_sep=\dimen154
\l_MT_above_shortintertext_sep=\dimen155
\l_MT_below_shortintertext_sep=\dimen156
\xmathstrut@box=\box54
\xmathstrut@dim=\dimen157
)
(/usr/share/texmf-dist/tex/generic/babel/babel.sty
Package: babel 2022/02/26 3.73 The Babel package
\babel@savecnt=\count276
\U@D=\dimen158
\l@unhyphenated=\language87

(/usr/share/texmf-dist/tex/generic/babel/txtbabel.def)
\bbl@readstream=\read2
\bbl@dirlevel=\count277

(/usr/share/texmf-dist/tex/generic/babel-french/french.ldf
Language: french 2021/07/20 v3.5m French support from the babel system
Package babel Info: Hyphen rules for 'acadian' set to \l@french
(babel)             (\language29). Reported on input line 91.
Package babel Info: Hyphen rules for 'canadien' set to \l@french
(babel)             (\language29). Reported on input line 92.
\FB@nonchar=\count278
Package babel Info: Making : an active character on input line 430.
Package babel Info: Making ; an active character on input line 431.
Package babel Info: Making ! an active character on input line 432.
Package babel Info: Making ? an active character on input line 433.
\FBguill@level=\count279
\FBold@everypar=\toks24
\FB@Mht=\dimen159
\mc@charclass=\count280
\mc@charfam=\count281
\mc@charslot=\count282
\std@mcc=\count283
\dec@mcc=\count284
\listindentFB=\dimen160
\descindentFB=\dimen161
\labelindentFB=\dimen162
\labelwidthFB=\dimen163
\leftmarginFB=\dimen164
\parindentFFN=\dimen165
\FBfnindent=\dimen166
))
(/usr/share/texmf-dist/tex/latex/carlisle/scalefnt.sty)
(/usr/share/texmf-dist/tex/latex/cmbright/cmbright.sty
Package: cmbright 2005/04/13 v8.1 (WaS)
LaTeX Font Info:    Redeclaring symbol font `operators' on input line 29.
LaTeX Font Info:    Overwriting symbol font `operators' in version `normal'
(Font)                  OT1/cmr/m/n --> OT1/cmbr/m/n on input line 29.
LaTeX Font Info:    Overwriting symbol font `operators' in version `bold'
(Font)                  OT1/cmr/bx/n --> OT1/cmbr/m/n on input line 29.
LaTeX Font Info:    Redeclaring symbol font `letters' on input line 30.
LaTeX Font Info:    Overwriting symbol font `letters' in version `normal'
(Font)                  OML/cmm/m/it --> OML/cmbrm/m/it on input line 30.
LaTeX Font Info:    Overwriting symbol font `letters' in version `bold'
(Font)                  OML/cmm/b/it --> OML/cmbrm/m/it on input line 30.
LaTeX Font Info:    Overwriting symbol font `letters' in version `bold'
(Font)                  OML/cmbrm/m/it --> OML/cmbrm/b/it on input line 31.
LaTeX Font Info:    Redeclaring symbol font `symbols' on input line 32.
LaTeX Font Info:    Overwriting symbol font `symbols' in version `normal'
(Font)                  OMS/cmsy/m/n --> OMS/cmbrs/m/n on input line 32.
LaTeX Font Info:    Overwriting symbol font `symbols' in version `bold'
(Font)                  OMS/cmsy/b/n --> OMS/cmbrs/m/n on input line 32.
LaTeX Font Info:    Redeclaring math alphabet \mathit on input line 33.
LaTeX Font Info:    Overwriting math alphabet `\mathit' in version `normal'
(Font)                  OT1/cmr/m/it --> OT1/cmbr/m/sl on input line 33.
LaTeX Font Info:    Overwriting math alphabet `\mathit' in version `bold'
(Font)                  OT1/cmr/bx/it --> OT1/cmbr/m/sl on input line 33.
LaTeX Font Info:    Redeclaring math alphabet \mathbf on input line 34.
LaTeX Font Info:    Overwriting math alphabet `\mathbf' in version `normal'
(Font)                  OT1/cmr/bx/n --> OT1/cmbr/bx/n on input line 34.
LaTeX Font Info:    Overwriting math alphabet `\mathbf' in version `bold'
(Font)                  OT1/cmr/bx/n --> OT1/cmbr/bx/n on input line 34.
LaTeX Font Info:    Redeclaring math alphabet \mathtt on input line 35.
LaTeX Font Info:    Overwriting math alphabet `\mathtt' in version `normal'
(Font)                  OT1/cmtt/m/n --> OT1/cmtl/m/n on input line 35.
LaTeX Font Info:    Overwriting math alphabet `\mathtt' in version `bold'
(Font)                  OT1/cmtt/m/n --> OT1/cmtl/m/n on input line 35.
LaTeX Font Info:    Redeclaring math symbol \alpha on input line 37.
LaTeX Font Info:    Redeclaring math symbol \beta on input line 38.
LaTeX Font Info:    Redeclaring math symbol \gamma on input line 39.
LaTeX Font Info:    Redeclaring math symbol \delta on input line 40.
LaTeX Font Info:    Redeclaring math symbol \epsilon on input line 41.
LaTeX Font Info:    Redeclaring math symbol \zeta on input line 42.
LaTeX Font Info:    Redeclaring math symbol \eta on input line 43.
LaTeX Font Info:    Redeclaring math symbol \theta on input line 44.
LaTeX Font Info:    Redeclaring math symbol \iota on input line 45.
LaTeX Font Info:    Redeclaring math symbol \kappa on input line 46.
LaTeX Font Info:    Redeclaring math symbol \lambda on input line 47.
LaTeX Font Info:    Redeclaring math symbol \mu on input line 48.
LaTeX Font Info:    Redeclaring math symbol \nu on input line 49.
LaTeX Font Info:    Redeclaring math symbol \xi on input line 50.
LaTeX Font Info:    Redeclaring math symbol \pi on input line 51.
LaTeX Font Info:    Redeclaring math symbol \rho on input line 52.
LaTeX Font Info:    Redeclaring math symbol \sigma on input line 53.
LaTeX Font Info:    Redeclaring math symbol \tau on input line 54.
LaTeX Font Info:    Redeclaring math symbol \upsilon on input line 55.
LaTeX Font Info:    Redeclaring math symbol \phi on input line 56.
LaTeX Font Info:    Redeclaring math symbol \chi on input line 57.
LaTeX Font Info:    Redeclaring math symbol \psi on input line 58.
LaTeX Font Info:    Redeclaring math symbol \omega on input line 59.
LaTeX Font Info:    Redeclaring math symbol \varepsilon on input line 60.
LaTeX Font Info:    Redeclaring math symbol \vartheta on input line 61.
LaTeX Font Info:    Redeclaring math symbol \varpi on input line 62.
LaTeX Font Info:    Redeclaring math symbol \varrho on input line 63.
LaTeX Font Info:    Redeclaring math symbol \varsigma on input line 64.
LaTeX Font Info:    Redeclaring math symbol \varphi on input line 65.
LaTeX Info: Redefining \LaTeX on input line 129.
LaTeX Info: Redefining \LaTeXe on input line 139.
LaTeX Font Info:    Trying to load font information for T1+cmbr on input line 1
44.

(/usr/share/texmf-dist/tex/latex/cmbright/t1cmbr.fd
File: t1cmbr.fd 2005/04/13 v8.1 (WaS)
))
(/usr/share/texmf-dist/tex/latex/fontawesome5/fontawesome5.sty
(/usr/share/texmf-dist/tex/latex/l3kernel/expl3.sty
Package: expl3 2022-04-10 L3 programming layer (loader) 

(/usr/share/texmf-dist/tex/latex/l3backend/l3backend-pdftex.def
File: l3backend-pdftex.def 2022-04-14 L3 backend support: PDF output (pdfTeX)
\l__color_backend_stack_int=\count285
\l__pdf_internal_box=\box55
))
Package: fontawesome5 2021/06/04 v5.15.3 Font Awesome 5

(/usr/share/texmf-dist/tex/latex/l3packages/l3keys2e/l3keys2e.sty
Package: l3keys2e 2022-01-12 LaTeX2e option processing using LaTeX3 keys
)
(/usr/share/texmf-dist/tex/latex/l3packages/xparse/xparse.sty
Package: xparse 2022-01-12 L3 Experimental document command parser
)
(/usr/share/texmf-dist/tex/latex/fontawesome5/fontawesome5-generic-helper.sty
Package: fontawesome5-generic-helper 2021/06/04 v5.15.3 non-uTeX helper for fon
tawesome5

(/usr/share/texmf-dist/tex/latex/fontawesome5/fontawesome5-mapping.def)))
(/usr/share/texmf-dist/tex/latex/microtype/microtype.sty
Package: microtype 2022/03/14 v3.0d Micro-typographical refinements (RS)

(/usr/share/texmf-dist/tex/latex/etoolbox/etoolbox.sty
Package: etoolbox 2020/10/05 v2.5k e-TeX tools for LaTeX (JAW)
\etb@tempcnta=\count286
)
\MT@toks=\toks25
\MT@tempbox=\box56
\MT@count=\count287
LaTeX Info: Redefining \noprotrusionifhmode on input line 1027.
LaTeX Info: Redefining \leftprotrusion on input line 1028.
LaTeX Info: Redefining \rightprotrusion on input line 1036.
LaTeX Info: Redefining \textls on input line 1195.
\MT@outer@kern=\dimen167
LaTeX Info: Redefining \textmicrotypecontext on input line 1781.
\MT@listname@count=\count288

(/usr/share/texmf-dist/tex/latex/microtype/microtype-pdftex.def
File: microtype-pdftex.def 2022/03/14 v3.0d Definitions specific to pdftex (RS)

LaTeX Info: Redefining \lsstyle on input line 900.
LaTeX Info: Redefining \lslig on input line 900.
\MT@outer@space=\skip70
)
Package microtype Info: Loading configuration file microtype.cfg.

(/usr/share/texmf-dist/tex/latex/microtype/microtype.cfg
File: microtype.cfg 2022/03/14 v3.0d microtype main configuration file (RS)
))
(/usr/share/texmf-dist/tex/latex/graphics/graphicx.sty
Package: graphicx 2021/09/16 v1.2d Enhanced LaTeX Graphics (DPC,SPQR)

(/usr/share/texmf-dist/tex/latex/graphics/graphics.sty
Package: graphics 2021/03/04 v1.4d Standard LaTeX Graphics (DPC,SPQR)

(/usr/share/texmf-dist/tex/latex/graphics/trig.sty
Package: trig 2021/08/11 v1.11 sin cos tan (DPC)
)
(/usr/share/texmf-dist/tex/latex/graphics-cfg/graphics.cfg
File: graphics.cfg 2016/06/04 v1.11 sample graphics configuration
)
Package graphics Info: Driver file: pdftex.def on input line 107.

(/usr/share/texmf-dist/tex/latex/graphics-def/pdftex.def
File: pdftex.def 2020/10/05 v1.2a Graphics/color driver for pdftex
))
\Gin@req@height=\dimen168
\Gin@req@width=\dimen169
)
(/usr/share/texmf-dist/tex/latex/pdfpages/pdfpages.sty
Package: pdfpages 2022/01/29 v0.5u Insert pages of external PDF documents (AM)

(/usr/share/texmf-dist/tex/latex/base/ifthen.sty
Package: ifthen 2020/11/24 v1.1c Standard LaTeX ifthen package (DPC)
)
(/usr/share/texmf-dist/tex/latex/eso-pic/eso-pic.sty
Package: eso-pic 2020/10/14 v3.0a eso-pic (RN)
\ESO@tempdima=\dimen170
\ESO@tempdimb=\dimen171

(/usr/share/texmf-dist/tex/latex/xcolor/xcolor.sty
Package: xcolor 2021/10/31 v2.13 LaTeX color extensions (UK)

(/usr/share/texmf-dist/tex/latex/graphics-cfg/color.cfg
File: color.cfg 2016/01/02 v1.6 sample color configuration
)
Package xcolor Info: Driver file: pdftex.def on input line 227.
Package xcolor Info: Model `cmy' substituted by `cmy0' on input line 1352.
Package xcolor Info: Model `hsb' substituted by `rgb' on input line 1356.
Package xcolor Info: Model `RGB' extended on input line 1368.
Package xcolor Info: Model `HTML' substituted by `rgb' on input line 1370.
Package xcolor Info: Model `Hsb' substituted by `hsb' on input line 1371.
Package xcolor Info: Model `tHsb' substituted by `hsb' on input line 1372.
Package xcolor Info: Model `HSB' substituted by `hsb' on input line 1373.
Package xcolor Info: Model `Gray' substituted by `gray' on input line 1374.
Package xcolor Info: Model `wave' substituted by `hsb' on input line 1375.
))
\AM@pagewidth=\dimen172
\AM@pageheight=\dimen173
\AM@fboxrule=\dimen174

(/usr/share/texmf-dist/tex/latex/pdfpages/pppdftex.def
File: pppdftex.def 2022/01/29 v0.5u Pdfpages driver for pdfTeX (AM)
)
\pdfpages@includegraphics@status=\count289
\AM@pagebox=\box57
\AM@global@opts=\toks26
\AM@pagecnt=\count290
\AM@toc@title=\toks27
\c@AM@survey=\count291
\AM@templatesizebox=\box58
)
(/usr/share/texmf-dist/tex/latex/wrapfig/wrapfig.sty
\wrapoverhang=\dimen175
\WF@size=\dimen176
\c@WF@wrappedlines=\count292
\WF@box=\box59
\WF@everypar=\toks28
Package: wrapfig 2003/01/31  v 3.6
)
(/usr/share/texmf-dist/tex/latex/tcolorbox/tcolorbox.sty
Package: tcolorbox 2022/01/07 version 5.0.2 text color boxes

(/usr/share/texmf-dist/tex/latex/pgf/basiclayer/pgf.sty
(/usr/share/texmf-dist/tex/latex/pgf/utilities/pgfrcs.sty
(/usr/share/texmf-dist/tex/generic/pgf/utilities/pgfutil-common.tex
\pgfutil@everybye=\toks29
\pgfutil@tempdima=\dimen177
\pgfutil@tempdimb=\dimen178

(/usr/share/texmf-dist/tex/generic/pgf/utilities/pgfutil-common-lists.tex))
(/usr/share/texmf-dist/tex/generic/pgf/utilities/pgfutil-latex.def
\pgfutil@abb=\box60
)
(/usr/share/texmf-dist/tex/generic/pgf/utilities/pgfrcs.code.tex
(/usr/share/texmf-dist/tex/generic/pgf/pgf.revision.tex)
Package: pgfrcs 2021/05/15 v3.1.9a (3.1.9a)
))
Package: pgf 2021/05/15 v3.1.9a (3.1.9a)

(/usr/share/texmf-dist/tex/latex/pgf/basiclayer/pgfcore.sty
(/usr/share/texmf-dist/tex/latex/pgf/systemlayer/pgfsys.sty
(/usr/share/texmf-dist/tex/generic/pgf/systemlayer/pgfsys.code.tex
Package: pgfsys 2021/05/15 v3.1.9a (3.1.9a)

(/usr/share/texmf-dist/tex/generic/pgf/utilities/pgfkeys.code.tex
\pgfkeys@pathtoks=\toks30
\pgfkeys@temptoks=\toks31

(/usr/share/texmf-dist/tex/generic/pgf/utilities/pgfkeysfiltered.code.tex
\pgfkeys@tmptoks=\toks32
))
\pgf@x=\dimen179
\pgf@y=\dimen180
\pgf@xa=\dimen181
\pgf@ya=\dimen182
\pgf@xb=\dimen183
\pgf@yb=\dimen184
\pgf@xc=\dimen185
\pgf@yc=\dimen186
\pgf@xd=\dimen187
\pgf@yd=\dimen188
\w@pgf@writea=\write3
\r@pgf@reada=\read3
\c@pgf@counta=\count293
\c@pgf@countb=\count294
\c@pgf@countc=\count295
\c@pgf@countd=\count296
\t@pgf@toka=\toks33
\t@pgf@tokb=\toks34
\t@pgf@tokc=\toks35
\pgf@sys@id@count=\count297

(/usr/share/texmf-dist/tex/generic/pgf/systemlayer/pgf.cfg
File: pgf.cfg 2021/05/15 v3.1.9a (3.1.9a)
)
Driver file for pgf: pgfsys-pdftex.def

(/usr/share/texmf-dist/tex/generic/pgf/systemlayer/pgfsys-pdftex.def
File: pgfsys-pdftex.def 2021/05/15 v3.1.9a (3.1.9a)

(/usr/share/texmf-dist/tex/generic/pgf/systemlayer/pgfsys-common-pdf.def
File: pgfsys-common-pdf.def 2021/05/15 v3.1.9a (3.1.9a)
)))
(/usr/share/texmf-dist/tex/generic/pgf/systemlayer/pgfsyssoftpath.code.tex
File: pgfsyssoftpath.code.tex 2021/05/15 v3.1.9a (3.1.9a)
\pgfsyssoftpath@smallbuffer@items=\count298
\pgfsyssoftpath@bigbuffer@items=\count299
)
(/usr/share/texmf-dist/tex/generic/pgf/systemlayer/pgfsysprotocol.code.tex
File: pgfsysprotocol.code.tex 2021/05/15 v3.1.9a (3.1.9a)
))
(/usr/share/texmf-dist/tex/generic/pgf/basiclayer/pgfcore.code.tex
Package: pgfcore 2021/05/15 v3.1.9a (3.1.9a)

(/usr/share/texmf-dist/tex/generic/pgf/math/pgfmath.code.tex
(/usr/share/texmf-dist/tex/generic/pgf/math/pgfmathcalc.code.tex
(/usr/share/texmf-dist/tex/generic/pgf/math/pgfmathutil.code.tex)
(/usr/share/texmf-dist/tex/generic/pgf/math/pgfmathparser.code.tex
\pgfmath@dimen=\dimen189
\pgfmath@count=\count300
\pgfmath@box=\box61
\pgfmath@toks=\toks36
\pgfmath@stack@operand=\toks37
\pgfmath@stack@operation=\toks38
)
(/usr/share/texmf-dist/tex/generic/pgf/math/pgfmathfunctions.code.tex
(/usr/share/texmf-dist/tex/generic/pgf/math/pgfmathfunctions.basic.code.tex)
(/usr/share/texmf-dist/tex/generic/pgf/math/pgfmathfunctions.trigonometric.code
.tex)
(/usr/share/texmf-dist/tex/generic/pgf/math/pgfmathfunctions.random.code.tex)
(/usr/share/texmf-dist/tex/generic/pgf/math/pgfmathfunctions.comparison.code.te
x) (/usr/share/texmf-dist/tex/generic/pgf/math/pgfmathfunctions.base.code.tex)
(/usr/share/texmf-dist/tex/generic/pgf/math/pgfmathfunctions.round.code.tex)
(/usr/share/texmf-dist/tex/generic/pgf/math/pgfmathfunctions.misc.code.tex)
(/usr/share/texmf-dist/tex/generic/pgf/math/pgfmathfunctions.integerarithmetics
.code.tex))) (/usr/share/texmf-dist/tex/generic/pgf/math/pgfmathfloat.code.tex
\c@pgfmathroundto@lastzeros=\count301
)) (/usr/share/texmf-dist/tex/generic/pgf/math/pgfint.code.tex)
(/usr/share/texmf-dist/tex/generic/pgf/basiclayer/pgfcorepoints.code.tex
File: pgfcorepoints.code.tex 2021/05/15 v3.1.9a (3.1.9a)
\pgf@picminx=\dimen190
\pgf@picmaxx=\dimen191
\pgf@picminy=\dimen192
\pgf@picmaxy=\dimen193
\pgf@pathminx=\dimen194
\pgf@pathmaxx=\dimen195
\pgf@pathminy=\dimen196
\pgf@pathmaxy=\dimen197
\pgf@xx=\dimen198
\pgf@xy=\dimen199
\pgf@yx=\dimen256
\pgf@yy=\dimen257
\pgf@zx=\dimen258
\pgf@zy=\dimen259
)
(/usr/share/texmf-dist/tex/generic/pgf/basiclayer/pgfcorepathconstruct.code.tex
File: pgfcorepathconstruct.code.tex 2021/05/15 v3.1.9a (3.1.9a)
\pgf@path@lastx=\dimen260
\pgf@path@lasty=\dimen261
) (/usr/share/texmf-dist/tex/generic/pgf/basiclayer/pgfcorepathusage.code.tex
File: pgfcorepathusage.code.tex 2021/05/15 v3.1.9a (3.1.9a)
\pgf@shorten@end@additional=\dimen262
\pgf@shorten@start@additional=\dimen263
)
(/usr/share/texmf-dist/tex/generic/pgf/basiclayer/pgfcorescopes.code.tex
File: pgfcorescopes.code.tex 2021/05/15 v3.1.9a (3.1.9a)
\pgfpic=\box62
\pgf@hbox=\box63
\pgf@layerbox@main=\box64
\pgf@picture@serial@count=\count302
)
(/usr/share/texmf-dist/tex/generic/pgf/basiclayer/pgfcoregraphicstate.code.tex
File: pgfcoregraphicstate.code.tex 2021/05/15 v3.1.9a (3.1.9a)
\pgflinewidth=\dimen264
)
(/usr/share/texmf-dist/tex/generic/pgf/basiclayer/pgfcoretransformations.code.t
ex
File: pgfcoretransformations.code.tex 2021/05/15 v3.1.9a (3.1.9a)
\pgf@pt@x=\dimen265
\pgf@pt@y=\dimen266
\pgf@pt@temp=\dimen267
) (/usr/share/texmf-dist/tex/generic/pgf/basiclayer/pgfcorequick.code.tex
File: pgfcorequick.code.tex 2021/05/15 v3.1.9a (3.1.9a)
)
(/usr/share/texmf-dist/tex/generic/pgf/basiclayer/pgfcoreobjects.code.tex
File: pgfcoreobjects.code.tex 2021/05/15 v3.1.9a (3.1.9a)
)
(/usr/share/texmf-dist/tex/generic/pgf/basiclayer/pgfcorepathprocessing.code.te
x
File: pgfcorepathprocessing.code.tex 2021/05/15 v3.1.9a (3.1.9a)
) (/usr/share/texmf-dist/tex/generic/pgf/basiclayer/pgfcorearrows.code.tex
File: pgfcorearrows.code.tex 2021/05/15 v3.1.9a (3.1.9a)
\pgfarrowsep=\dimen268
)
(/usr/share/texmf-dist/tex/generic/pgf/basiclayer/pgfcoreshade.code.tex
File: pgfcoreshade.code.tex 2021/05/15 v3.1.9a (3.1.9a)
\pgf@max=\dimen269
\pgf@sys@shading@range@num=\count303
\pgf@shadingcount=\count304
)
(/usr/share/texmf-dist/tex/generic/pgf/basiclayer/pgfcoreimage.code.tex
File: pgfcoreimage.code.tex 2021/05/15 v3.1.9a (3.1.9a)

(/usr/share/texmf-dist/tex/generic/pgf/basiclayer/pgfcoreexternal.code.tex
File: pgfcoreexternal.code.tex 2021/05/15 v3.1.9a (3.1.9a)
\pgfexternal@startupbox=\box65
))
(/usr/share/texmf-dist/tex/generic/pgf/basiclayer/pgfcorelayers.code.tex
File: pgfcorelayers.code.tex 2021/05/15 v3.1.9a (3.1.9a)
)
(/usr/share/texmf-dist/tex/generic/pgf/basiclayer/pgfcoretransparency.code.tex
File: pgfcoretransparency.code.tex 2021/05/15 v3.1.9a (3.1.9a)
) (/usr/share/texmf-dist/tex/generic/pgf/basiclayer/pgfcorepatterns.code.tex
File: pgfcorepatterns.code.tex 2021/05/15 v3.1.9a (3.1.9a)
)
(/usr/share/texmf-dist/tex/generic/pgf/basiclayer/pgfcorerdf.code.tex
File: pgfcorerdf.code.tex 2021/05/15 v3.1.9a (3.1.9a)
)))
(/usr/share/texmf-dist/tex/generic/pgf/modules/pgfmoduleshapes.code.tex
File: pgfmoduleshapes.code.tex 2021/05/15 v3.1.9a (3.1.9a)
\pgfnodeparttextbox=\box66
)
(/usr/share/texmf-dist/tex/generic/pgf/modules/pgfmoduleplot.code.tex
File: pgfmoduleplot.code.tex 2021/05/15 v3.1.9a (3.1.9a)
)
(/usr/share/texmf-dist/tex/latex/pgf/compatibility/pgfcomp-version-0-65.sty
Package: pgfcomp-version-0-65 2021/05/15 v3.1.9a (3.1.9a)
\pgf@nodesepstart=\dimen270
\pgf@nodesepend=\dimen271
)
(/usr/share/texmf-dist/tex/latex/pgf/compatibility/pgfcomp-version-1-18.sty
Package: pgfcomp-version-1-18 2021/05/15 v3.1.9a (3.1.9a)
))
(/usr/share/texmf-dist/tex/latex/tools/verbatim.sty
Package: verbatim 2020-07-07 v1.5u LaTeX2e package for verbatim enhancements
\every@verbatim=\toks39
\verbatim@line=\toks40
\verbatim@in@stream=\read4
)
(/usr/share/texmf-dist/tex/latex/environ/environ.sty
Package: environ 2014/05/04 v0.3 A new way to define environments

(/usr/share/texmf-dist/tex/latex/trimspaces/trimspaces.sty
Package: trimspaces 2009/09/17 v1.1 Trim spaces around a token list
))
\tcb@titlebox=\box67
\tcb@upperbox=\box68
\tcb@lowerbox=\box69
\tcb@phantombox=\box70
\c@tcbbreakpart=\count305
\c@tcblayer=\count306
\c@tcolorbox@number=\count307
\tcb@temp=\box71
\tcb@temp=\box72
\tcb@temp=\box73
\tcb@temp=\box74
)
(/usr/share/texmf-dist/tex/latex/numprint/numprint.sty
Package: numprint 2012/08/20 v1.39 Print numbers (HH)

(/usr/share/texmf-dist/tex/latex/tools/array.sty
Package: array 2021/10/04 v2.5f Tabular extension package (FMi)
\col@sep=\dimen272
\ar@mcellbox=\box75
\extrarowheight=\dimen273
\NC@list=\toks41
\extratabsurround=\skip71
\backup@length=\skip72
\ar@cellbox=\box76
)
\c@nprt@mantissa@digitsbefore=\count308
\c@nprt@mantissa@digitsafter=\count309
\c@nprt@exponent@digitsbefore=\count310
\c@nprt@exponent@digitsafter=\count311
\nprt@digitwidth=\skip73
\nprt@sepwidth=\skip74
\nprt@decimalwidth=\skip75
\nprt@blockwidth=\skip76
\nprt@digittoks=\toks42
\nprt@pretoks=\toks43
\nprt@posttoks=\toks44
\nprt@thisdigit=\count312
\nprt@curpos=\count313
\nprt@rndpos=\count314
\c@nprt@digitsfirstblock=\count315
\c@nprt@blockcnt=\count316
\c@nprt@cntprint=\count317

No configuration file `numprint.cfg' found.)
(/usr/share/texmf-dist/tex/latex/siunitx/siunitx.sty
Package: siunitx 2022-04-04 v3.0.50 A comprehensive (SI) units package
\l__siunitx_angle_tmp_dim=\dimen274
\l__siunitx_angle_marker_box=\box77
\l__siunitx_angle_unit_box=\box78
\l__siunitx_compound_count_int=\count318

(/usr/share/texmf-dist/tex/latex/translations/translations.sty
Package: translations 2022/02/05 v1.12 internationalization of LaTeX2e packages
 (CN)

(/usr/share/texmf-dist/tex/generic/pdftexcmds/pdftexcmds.sty
Package: pdftexcmds 2020-06-27 v0.33 Utility functions of pdfTeX for LuaTeX (HO
)

(/usr/share/texmf-dist/tex/generic/infwarerr/infwarerr.sty
Package: infwarerr 2019/12/03 v1.5 Providing info/warning/error messages (HO)
)
(/usr/share/texmf-dist/tex/generic/iftex/iftex.sty
Package: iftex 2022/02/03 v1.0f TeX engine tests
)
(/usr/share/texmf-dist/tex/generic/ltxcmds/ltxcmds.sty
Package: ltxcmds 2020-05-10 v1.25 LaTeX kernel commands for general use (HO)
)
Package pdftexcmds Info: \pdf@primitive is available.
Package pdftexcmds Info: \pdf@ifprimitive is available.
Package pdftexcmds Info: \pdfdraftmode found.
))
\l__siunitx_number_exponent_fixed_int=\count319
\l__siunitx_number_min_decimal_int=\count320
\l__siunitx_number_min_integer_int=\count321
\l__siunitx_number_round_precision_int=\count322
\l__siunitx_number_group_minimum_int=\count323
\l__siunitx_table_tmp_box=\box79
\l__siunitx_table_tmp_dim=\dimen275
\l__siunitx_table_column_width_dim=\dimen276
\l__siunitx_table_integer_box=\box80
\l__siunitx_table_decimal_box=\box81
\l__siunitx_table_before_box=\box82
\l__siunitx_table_after_box=\box83
\l__siunitx_table_before_dim=\dimen277
\l__siunitx_table_carry_dim=\dimen278
\l__siunitx_unit_tmp_int=\count324
\l__siunitx_unit_position_int=\count325
\l__siunitx_unit_total_int=\count326
)
(/usr/share/texmf-dist/tex/latex/tools/tabularx.sty
Package: tabularx 2020/01/15 v2.11c `tabularx' package (DPC)
\TX@col@width=\dimen279
\TX@old@table=\dimen280
\TX@old@col=\dimen281
\TX@target=\dimen282
\TX@delta=\dimen283
\TX@cols=\count327
\TX@ftn=\toks45
)
(/usr/share/texmf-dist/tex/latex/booktabs/booktabs.sty
Package: booktabs 2020/01/12 v1.61803398 Publication quality tables
\heavyrulewidth=\dimen284
\lightrulewidth=\dimen285
\cmidrulewidth=\dimen286
\belowrulesep=\dimen287
\belowbottomsep=\dimen288
\aboverulesep=\dimen289
\abovetopsep=\dimen290
\cmidrulesep=\dimen291
\cmidrulekern=\dimen292
\defaultaddspace=\dimen293
\@cmidla=\count328
\@cmidlb=\count329
\@aboverulesep=\dimen294
\@belowrulesep=\dimen295
\@thisruleclass=\count330
\@lastruleclass=\count331
\@thisrulewidth=\dimen296
)
(/usr/share/texmf-dist/tex/latex/stmaryrd/stmaryrd.sty
Package: stmaryrd 1994/03/03 St Mary's Road symbol package
\symstmry=\mathgroup4
LaTeX Font Info:    Overwriting symbol font `stmry' in version `bold'
(Font)                  U/stmry/m/n --> U/stmry/b/n on input line 89.
)
(/usr/share/texmf-dist/tex/latex/enumitem/enumitem.sty
Package: enumitem 2019/06/20 v3.9 Customized lists
\labelindent=\skip77
\enit@outerparindent=\dimen297
\enit@toks=\toks46
\enit@inbox=\box84
\enit@count@id=\count332
\enitdp@description=\count333
)
(/usr/share/texmf-dist/tex/latex/tasks/tasks.sty
(/usr/share/texmf-dist/tex/latex/l3packages/xtemplate/xtemplate.sty
Package: xtemplate 2022-01-12 L3 Experimental prototype document functions
\l__xtemplate_tmp_dim=\dimen298
\l__xtemplate_tmp_int=\count334
\l__xtemplate_tmp_muskip=\muskip17
\l__xtemplate_tmp_skip=\skip78
)
Package: tasks 2022/01/08 v1.4a lists with columns filled horizontally
\g__tasks_total_items_int=\count335
\l__tasks_columns_int=\count336
\g__tasks_rows_int=\count337
\g__tasks_current_col_num_int=\count338
\g__tasks_current_row_num_int=\count339
\l__tasks_item_columns_int=\count340
\g__tasks_env_int=\count341
\l__tasks_start_int=\count342
\l__tasks_item_indent_dim=\dimen299
\l__tasks_item_default_indent_dim=\dimen300
\l__tasks_item_width_dim=\dimen301
\l__tasks_label_width_dim=\dimen302
\l__tasks_label_default_width_dim=\dimen303
\l__tasks_label_offset_dim=\dimen304
\l__tasks_label_default_offset_dim=\dimen305
\l__tasks_column_sep_dim=\dimen306
\l__tasks_correction_dim=\dimen307
\l__tasks_full_width_dim=\dimen308
\l__tasks_after_item_skip=\skip79
\l__tasks_custom_after_item_skip=\skip80
\l__tasks_before_list_skip=\skip81
\l__tasks_after_list_skip=\skip82
\l__tasks_item_coffin=\box85
\l__tasks_label_coffin=\box86
\c@task=\count343
\l__tasks_tmpa_int=\count344
\l__tasks_tmpb_int=\count345
\l__tasks_tmpa_coffin=\box87
\l__tasks_tmpa_box=\box88

Package xtemplate Info: Declaring object type 'tasks' taking 3 argument(s) on
(xtemplate)             line 450.


(/usr/share/texmf-dist/tex/latex/tasks/tasks.cfg))
(/usr/share/texmf-dist/tex/latex/xsim/xsim.sty
(/usr/share/texmf-dist/tex/latex/xsim/xsimverb.sty
Package: xsimverb 2022/02/12 v0.4 write environments verbatim to files
\l__xsimverb_tmpa_int=\count346
\l_xsim_line_gobble_int=\count347
)
Package: xsim 2022/02/12 v0.21 eXercise Sheets IMproved
Loading module `base' ...
\l__xsim_tmpa_dim=\dimen309
\l__xsim_tmpb_dim=\dimen310
\l__xsim_tmpc_dim=\dimen311
\l__xsim_tmpa_int=\count348
\l__xsim_tmpb_int=\count349
\l__xsim_tmpc_int=\count350
\l__xsim_tmpa_box=\box89
\l__xsim_tmpb_box=\box90
\l__xsim_tmpc_box=\box91
Loading module `auxfile' ...
Loading module `properties' ...
Loading module `environments' ...
Loading module `templates' ...
Loading module `tags' ...
Loading module `goals' ...
Loading module `exercises' ...
\g_xsim_id_int=\count351
\g_xsim_max_id_int=\count352
Loading module `solutions' ...
\l_xsim_printsolutions_section_int=\count353
\l_xsim_printsolutions_chapter_int=\count354
Loading module `collections' ...
Loading module `blanks' ...
\l__xsim_blank_dim=\dimen312
\l__xsim_blank_line_increment_dim=\dimen313
\l__xsim_blank_line_minimum_length_dim=\dimen314
\l__xsim_blank_box=\box92
Loading module `grades' ...
Loading module `random' ...
\g__xsim_random_list_id_int=\count355
Loading module `translations' ...
Loading module `interface' ...
Loading module `definitions' ...
\c@exercise=\count356
\c@solution=\count357
\c@numberofexercises=\count358
)
(/usr/share/texmf-dist/tex/latex/tkz-euclide/tkz-euclide.sty
2022/02/25 4.051b tkz-euclide.sty
Package: tkz-euclide  2022/02/25 4.051b for pure Euclidean Geometry 
(/usr/share/texmf-dist/tex/latex/pgf/frontendlayer/tikz.sty
(/usr/share/texmf-dist/tex/latex/pgf/utilities/pgffor.sty
(/usr/share/texmf-dist/tex/latex/pgf/utilities/pgfkeys.sty
(/usr/share/texmf-dist/tex/generic/pgf/utilities/pgfkeys.code.tex))
(/usr/share/texmf-dist/tex/latex/pgf/math/pgfmath.sty
(/usr/share/texmf-dist/tex/generic/pgf/math/pgfmath.code.tex))
(/usr/share/texmf-dist/tex/generic/pgf/utilities/pgffor.code.tex
Package: pgffor 2021/05/15 v3.1.9a (3.1.9a)

(/usr/share/texmf-dist/tex/generic/pgf/math/pgfmath.code.tex)
\pgffor@iter=\dimen315
\pgffor@skip=\dimen316
\pgffor@stack=\toks47
\pgffor@toks=\toks48
))
(/usr/share/texmf-dist/tex/generic/pgf/frontendlayer/tikz/tikz.code.tex
Package: tikz 2021/05/15 v3.1.9a (3.1.9a)

(/usr/share/texmf-dist/tex/generic/pgf/libraries/pgflibraryplothandlers.code.te
x
File: pgflibraryplothandlers.code.tex 2021/05/15 v3.1.9a (3.1.9a)
\pgf@plot@mark@count=\count359
\pgfplotmarksize=\dimen317
)
\tikz@lastx=\dimen318
\tikz@lasty=\dimen319
\tikz@lastxsaved=\dimen320
\tikz@lastysaved=\dimen321
\tikz@lastmovetox=\dimen322
\tikz@lastmovetoy=\dimen323
\tikzleveldistance=\dimen324
\tikzsiblingdistance=\dimen325
\tikz@figbox=\box93
\tikz@figbox@bg=\box94
\tikz@tempbox=\box95
\tikz@tempbox@bg=\box96
\tikztreelevel=\count360
\tikznumberofchildren=\count361
\tikznumberofcurrentchild=\count362
\tikz@fig@count=\count363
 (/usr/share/texmf-dist/tex/generic/pgf/modules/pgfmodulematrix.code.tex
File: pgfmodulematrix.code.tex 2021/05/15 v3.1.9a (3.1.9a)
\pgfmatrixcurrentrow=\count364
\pgfmatrixcurrentcolumn=\count365
\pgf@matrix@numberofcolumns=\count366
)
\tikz@expandcount=\count367

(/usr/share/texmf-dist/tex/generic/pgf/frontendlayer/tikz/libraries/tikzlibrary
topaths.code.tex
File: tikzlibrarytopaths.code.tex 2021/05/15 v3.1.9a (3.1.9a)
)))
(/usr/share/texmf-dist/tex/generic/pgf/frontendlayer/tikz/libraries/tikzlibrary
angles.code.tex
File: tikzlibraryangles.code.tex 2021/05/15 v3.1.9a (3.1.9a)
)
(/usr/share/texmf-dist/tex/generic/pgf/frontendlayer/tikz/libraries/tikzlibrary
arrows.code.tex
File: tikzlibraryarrows.code.tex 2021/05/15 v3.1.9a (3.1.9a)

(/usr/share/texmf-dist/tex/generic/pgf/libraries/pgflibraryarrows.code.tex
File: pgflibraryarrows.code.tex 2021/05/15 v3.1.9a (3.1.9a)
\arrowsize=\dimen326
))
(/usr/share/texmf-dist/tex/generic/pgf/libraries/pgflibraryarrows.meta.code.tex
File: pgflibraryarrows.meta.code.tex 2021/05/15 v3.1.9a (3.1.9a)
\pgfarrowinset=\dimen327
\pgfarrowlength=\dimen328
\pgfarrowwidth=\dimen329
\pgfarrowlinewidth=\dimen330
)
(/usr/share/texmf-dist/tex/generic/pgf/frontendlayer/tikz/libraries/tikzlibrary
calc.code.tex
File: tikzlibrarycalc.code.tex 2021/05/15 v3.1.9a (3.1.9a)
)
(/usr/share/texmf-dist/tex/generic/pgf/frontendlayer/tikz/libraries/tikzlibrary
decorations.code.tex
(/usr/share/texmf-dist/tex/generic/pgf/modules/pgfmoduledecorations.code.tex
\pgfdecoratedcompleteddistance=\dimen331
\pgfdecoratedremainingdistance=\dimen332
\pgfdecoratedinputsegmentcompleteddistance=\dimen333
\pgfdecoratedinputsegmentremainingdistance=\dimen334
\pgf@decorate@distancetomove=\dimen335
\pgf@decorate@repeatstate=\count368
\pgfdecorationsegmentamplitude=\dimen336
\pgfdecorationsegmentlength=\dimen337
)
\tikz@lib@dec@box=\box97
)
(/usr/share/texmf-dist/tex/generic/pgf/frontendlayer/tikz/libraries/tikzlibrary
decorations.markings.code.tex
(/usr/share/texmf-dist/tex/generic/pgf/libraries/decorations/pgflibrarydecorati
ons.markings.code.tex))
(/usr/share/texmf-dist/tex/generic/pgf/frontendlayer/tikz/libraries/tikzlibrary
decorations.pathreplacing.code.tex
(/usr/share/texmf-dist/tex/generic/pgf/libraries/decorations/pgflibrarydecorati
ons.pathreplacing.code.tex))
(/usr/share/texmf-dist/tex/generic/pgf/frontendlayer/tikz/libraries/tikzlibrary
decorations.shapes.code.tex
(/usr/share/texmf-dist/tex/generic/pgf/libraries/decorations/pgflibrarydecorati
ons.shapes.code.tex))
(/usr/share/texmf-dist/tex/generic/pgf/frontendlayer/tikz/libraries/tikzlibrary
decorations.text.code.tex
(/usr/share/texmf-dist/tex/generic/pgf/libraries/decorations/pgflibrarydecorati
ons.text.code.tex
\pgf@lib@dec@text@box=\box98
)
\tikz@lib@dec@te@box=\box99
)
(/usr/share/texmf-dist/tex/generic/pgf/frontendlayer/tikz/libraries/tikzlibrary
decorations.pathmorphing.code.tex
(/usr/share/texmf-dist/tex/generic/pgf/libraries/decorations/pgflibrarydecorati
ons.pathmorphing.code.tex))
(/usr/share/texmf-dist/tex/generic/pgf/frontendlayer/tikz/libraries/tikzlibrary
intersections.code.tex
(/usr/share/texmf-dist/tex/generic/pgf/libraries/pgflibraryintersections.code.t
ex (/usr/share/texmf-dist/tex/generic/pgf/libraries/pgflibraryfpu.code.tex)
\pgf@intersect@solutions=\count369
))
(/usr/share/texmf-dist/tex/generic/pgf/frontendlayer/tikz/libraries/tikzlibrary
plotmarks.code.tex
File: tikzlibraryplotmarks.code.tex 2021/05/15 v3.1.9a (3.1.9a)

(/usr/share/texmf-dist/tex/generic/pgf/libraries/pgflibraryplotmarks.code.tex
File: pgflibraryplotmarks.code.tex 2021/05/15 v3.1.9a (3.1.9a)
))
(/usr/share/texmf-dist/tex/generic/pgf/frontendlayer/tikz/libraries/tikzlibrary
quotes.code.tex
File: tikzlibraryquotes.code.tex 2021/05/15 v3.1.9a (3.1.9a)
)
(/usr/share/texmf-dist/tex/generic/pgf/frontendlayer/tikz/libraries/tikzlibrary
shapes.misc.code.tex
File: tikzlibraryshapes.misc.code.tex 2021/05/15 v3.1.9a (3.1.9a)

(/usr/share/texmf-dist/tex/generic/pgf/libraries/shapes/pgflibraryshapes.misc.c
ode.tex
File: pgflibraryshapes.misc.code.tex 2021/05/15 v3.1.9a (3.1.9a)
)) (/usr/share/texmf-dist/tex/latex/l3packages/xfp/xfp.sty
Package: xfp 2022-01-12 L3 Floating point unit
)
\tkzRadius=\dimen338
\tkzLength=\dimen339
\tkz@radi=\dimen340
\tkz@ax=\dimen341
\tkz@ay=\dimen342
\tkz@bx=\dimen343
\tkz@by=\dimen344
\tkz@cx=\dimen345
\tkz@cy=\dimen346
\tkz@dx=\dimen347
\tkz@dy=\dimen348
\tkz@cntmk=\count370

Local configuration file tkz-euclide.cfg found and used
(/usr/share/texmf-dist/tex/latex/tkz-euclide/tkz-euclide.cfg
2022/02/25 4.051b tkz-euclide.cfg
) (/usr/share/texmf-dist/tex/latex/tkz-euclide/tkz-tools-eu-base.tex
2022/02/25 4.051b tkz-tools-eu-base.tex
) (/usr/share/texmf-dist/tex/latex/tkz-euclide/tkz-tools-eu-utilities.tex
2022/02/25 4.051b tkz-tools-eu-utilities.tex
) (/usr/share/texmf-dist/tex/latex/tkz-euclide/tkz-tools-eu-BB.tex
2022/02/25 4.051b tkz-obj-eu-BB.tex
) (/usr/share/texmf-dist/tex/latex/tkz-euclide/tkz-obj-eu-grids.tex
2022/02/25 4.051b tkz-obj-eu-grids.tex
) (/usr/share/texmf-dist/tex/latex/tkz-euclide/tkz-lib-eu-marks.tex
2022/02/25 4.051b tkz-lib-eu-marks.tex
) (/usr/share/texmf-dist/tex/latex/tkz-euclide/tkz-tools-eu-text.tex
2022/02/25 4.051b tkz-tools-eu-text.tex
) (/usr/share/texmf-dist/tex/latex/tkz-euclide/tkz-lib-eu-shape.tex
2022/02/25 4.051b tkz-lib-eu-shape.tex
) (/usr/share/texmf-dist/tex/latex/tkz-euclide/tkz-obj-eu-axesmin.tex
2022/02/25 4.051b tkz-obj-eu-axesmin
) (/usr/share/texmf-dist/tex/latex/tkz-euclide/tkz-tools-eu-colors.tex
2022/02/25 4.051b tkz-tools-eu-colors
) (/usr/share/texmf-dist/tex/latex/tkz-euclide/tkz-obj-eu-points.tex
2022/02/25 4.051b tkz-obj-eu-points.tex
) (/usr/share/texmf-dist/tex/latex/tkz-euclide/tkz-tools-eu-math.tex
2022/02/25 4.051b tkz-tools-eu-math.tex
) (/usr/share/texmf-dist/tex/latex/tkz-euclide/tkz-tools-eu-intersections.tex
2022/01/22 4.04 tkz-tools-intersections.tex
) (/usr/share/texmf-dist/tex/latex/tkz-euclide/tkz-tools-eu-angles.tex
2022/02/25 4.051b tkz-tools-angles.tex
) (/usr/share/texmf-dist/tex/latex/tkz-euclide/tkz-obj-eu-compass.tex
2022/02/25 4.051b tkz-obj-eu-compass.tex
) (/usr/share/texmf-dist/tex/latex/tkz-euclide/tkz-obj-eu-circles.tex
2022/02/25 4.051b tkz-obj-eu-circles.tex
) (/usr/share/texmf-dist/tex/latex/tkz-euclide/tkz-obj-eu-circles-by.tex
2022/02/25 4.051b tkz-obj-eu-circles.tex
) (/usr/share/texmf-dist/tex/latex/tkz-euclide/tkz-obj-eu-draw-angles.tex
2022/02/25 4.051b tkz-tool-eu-angles.tex
\tkz@arcsize=\dimen349
\tkz@fillsize=\dimen350
) (/usr/share/texmf-dist/tex/latex/tkz-euclide/tkz-obj-eu-draw-circles.tex
2022/02/25 4.051b tkz-obj-eu-draw-circles.tex
) (/usr/share/texmf-dist/tex/latex/tkz-euclide/tkz-obj-eu-draw-lines.tex
2022/02/25 4.051b tkz-obj-eu-draw-lines.tex
) (/usr/share/texmf-dist/tex/latex/tkz-euclide/tkz-obj-eu-draw-polygons.tex
2022/02/25 4.051b tkz-obj-eu-polygons.tex
) (/usr/share/texmf-dist/tex/latex/tkz-euclide/tkz-obj-eu-draw-triangles.tex
2022/02/25 4.051b tkz-obj-eu-draw-triangles.tex
) (/usr/share/texmf-dist/tex/latex/tkz-euclide/tkz-obj-eu-lines.tex
2022/02/25 4.051b tkz-obj-eu-lines.tex
) (/usr/share/texmf-dist/tex/latex/tkz-euclide/tkz-obj-eu-points-by.tex
2022/02/25 4.051b tkz-tools-el-points-by.tex
) (/usr/share/texmf-dist/tex/latex/tkz-euclide/tkz-obj-eu-points-rnd.tex
2022/02/25 4.051b tkz-obj-el-points-rnd.tex
) (/usr/share/texmf-dist/tex/latex/tkz-euclide/tkz-obj-eu-points-spc.tex
2022/02/25 4.051b tkz-obj-el-points.tex
) (/usr/share/texmf-dist/tex/latex/tkz-euclide/tkz-obj-eu-points-with.tex
2022/02/25 4.051b tkz-obj-el-points-with.tex
) (/usr/share/texmf-dist/tex/latex/tkz-euclide/tkz-obj-eu-polygons.tex
2022/02/25 4.051b tkz-obj-eu-polygons.tex
) (/usr/share/texmf-dist/tex/latex/tkz-euclide/tkz-obj-eu-protractor.tex
2022/02/25 4.051b tkz-obj-eu-protractor.tex
) (/usr/share/texmf-dist/tex/latex/tkz-euclide/tkz-obj-eu-sectors.tex
2022/02/25 4.051b tkz-obj-eu-sectors.tex
) (/usr/share/texmf-dist/tex/latex/tkz-euclide/tkz-obj-eu-show.tex
2022/02/25 4.051b tkz-obj-eu-show.tex
) (/usr/share/texmf-dist/tex/latex/tkz-euclide/tkz-obj-eu-triangles.tex
2022/02/25 4.051b tkz-obj-eu-triangles.tex
))
(/usr/share/texmf-dist/tex/latex/pgf/frontendlayer/libraries/tikzlibraryexterna
l.code.tex (/usr/share/texmf-dist/tex/latex/base/atveryend-ltx.sty
Package: atveryend-ltx 2020/08/19 v1.0a Emulation of the original atveryend pac
kage
with kernel methods
)
(/usr/share/texmf-dist/tex/generic/pgf/frontendlayer/tikz/libraries/tikzexterna
lshared.code.tex))
(/usr/share/texmf-dist/tex/generic/pgf/frontendlayer/tikz/libraries/tikzlibrary
babel.code.tex
File: tikzlibrarybabel.code.tex 2021/05/15 v3.1.9a (3.1.9a)
)
(/usr/share/texmf-dist/tex/latex/tikzmark/tikzlibrarytikzmark.code.tex
File: tikzlibrarytikzmark.code.tex 2021/02/16 v1.10 TikZ library for marking po
sitions in a document
\l__sn_x_dim=\dimen351
\l__sn_y_dim=\dimen352
\l__sn_xa_dim=\dimen353
\l__sn_ya_dim=\dimen354
)
(/usr/share/texmf-dist/tex/generic/witharrows/witharrows.sty
(/usr/share/texmf-dist/tex/generic/pgf/frontendlayer/tikz/libraries/tikzlibrary
bending.code.tex
File: tikzlibrarybending.code.tex 2021/05/15 v3.1.9a (3.1.9a)

(/usr/share/texmf-dist/tex/generic/pgf/modules/pgfmodulebending.code.tex
File: pgfmodulebending.code.tex 2021/05/15 v3.1.9a (3.1.9a)

(/usr/share/texmf-dist/tex/generic/pgf/modules/pgfmodulenonlineartransformation
s.code.tex
File: pgfmodulenonlineartransformations.code.tex 2021/05/15 v3.1.9a (3.1.9a)
\pgftransformnonlinearflatness=\dimen355
)
(/usr/share/texmf-dist/tex/generic/pgf/libraries/pgflibrarycurvilinear.code.tex
File: pgflibrarycurvilinear.code.tex 2021/05/15 v3.1.9a (3.1.9a)
\pgf@curvilinear@time@a=\dimen356
\pgf@curvilinear@length@a=\dimen357
\pgf@curvilinear@length@b=\dimen358
\pgf@curvilinear@length@c=\dimen359
\pgf@curvilinear@length@d=\dimen360
)
\pgf@arrows@the@rigidity=\dimen361
))
Package: witharrows 2022/01/01 v2.6d Draws arrows for explanations on the right

 (/usr/share/texmf-dist/tex/latex/varwidth/varwidth.sty
Package: varwidth 2009/03/30 ver 0.92;  Variable-width minipages
\@vwid@box=\box100
\sift@deathcycles=\count371
\@vwid@loff=\dimen362
\@vwid@roff=\dimen363
)
\g__witharrows_last_env_int=\count372
\l__witharrows_pos_env_int=\count373
\l__witharrows_pos_arrow_int=\count374
\g__witharrows_arrow_int=\count375
\g__witharrows_line_int=\count376
\g__witharrows_col_int=\count377
\g__witharrows_static_col_int=\count378
\l__witharrows_nb_cols_int=\count379
\l__witharrows_arrow_width_dim=\dimen364
\l__witharrows_up_and_down_radius_dim=\dimen365
\l__witharrows_xoffset_for_o_arrows_dim=\dimen366
\l__witharrows_max_length_of_arrow_dim=\dimen367
\l__witharrows_ygap_dim=\dimen368
\l__witharrows_ystart_dim=\dimen369
\l__witharrows_xoffset_dim=\dimen370
\l__witharrows_interline_skip=\skip83
\l__witharrows_start_adjust_dim=\dimen371
\l__witharrows_end_adjust_dim=\dimen372
\l__witharrows_mathindent_dim=\dimen373
)
(/usr/share/texmf-dist/tex/latex/pgf-pie/pgf-pie.sty
Package: pgf-pie 2021/07/30 v0.6 Some LaTeX macros for pie chart by using PGF/T
ikz package.

(/usr/share/texmf-dist/tex/latex/pgf-pie/tikzlibrarypie.code.tex
\pgfpie@angleEnd=\dimen374
\pgfpie@explodeLength=\count380
\pgfpie@colorLength=\count381
\pgfpie@sliceLength=\count382
))
(/usr/share/texmf-dist/tex/latex/cancel/cancel.sty
Package: cancel 2013/04/12 v2.2 Cancel math terms
))
(/usr/share/texmf-dist/tex/generic/ulem/ulem.sty
\UL@box=\box101
\UL@hyphenbox=\box102
\UL@skip=\skip84
\UL@hook=\toks49
\UL@height=\dimen375
\UL@pe=\count383
\UL@pixel=\dimen376
\ULC@box=\box103
Package: ulem 2019/11/18
\ULdepth=\dimen377
)
\g_xsim_collection_exercise_in_all exercises_int=\count384
\c@totalexerciseinall exercises=\count385
 (./travail_de_vacances.aux)
\openout1 = `travail_de_vacances.aux'.

LaTeX Font Info:    Checking defaults for OML/cmm/m/it on input line 3.
LaTeX Font Info:    ... okay on input line 3.
LaTeX Font Info:    Checking defaults for OMS/cmsy/m/n on input line 3.
LaTeX Font Info:    ... okay on input line 3.
LaTeX Font Info:    Checking defaults for OT1/cmr/m/n on input line 3.
LaTeX Font Info:    ... okay on input line 3.
LaTeX Font Info:    Checking defaults for T1/cmr/m/n on input line 3.
LaTeX Font Info:    ... okay on input line 3.
LaTeX Font Info:    Checking defaults for TS1/cmr/m/n on input line 3.
LaTeX Font Info:    ... okay on input line 3.
LaTeX Font Info:    Checking defaults for OMX/cmex/m/n on input line 3.
LaTeX Font Info:    ... okay on input line 3.
LaTeX Font Info:    Checking defaults for U/cmr/m/n on input line 3.
LaTeX Font Info:    ... okay on input line 3.
LaTeX Info: Redefining \degres on input line 3.
Package french.ldf Info: Setting StandardItemizeEnv=true for
(french.ldf)             compatibility with enumitem package,
(french.ldf)             reported on input line 3.
Package french.ldf Info: Setting StandardEnumerateEnv=true for
(french.ldf)             compatibility with enumitem package,
(french.ldf)             reported on input line 3.
LaTeX Info: Redefining \up on input line 3.
LaTeX Info: Redefining \microtypecontext on input line 3.
Package microtype Info: Applying patch `item' on input line 3.
Package microtype Info: Applying patch `toc' on input line 3.
Package microtype Info: Applying patch `eqnum' on input line 3.
Package microtype Info: Applying patch `footnote' on input line 3.
Package microtype Info: Generating PDF output.
Package microtype Info: Character protrusion enabled (level 2).
Package microtype Info: Using default protrusion set `alltext'.
Package microtype Info: Automatic font expansion enabled (level 2),
(microtype)             stretch: 20, shrink: 20, step: 1, non-selected.
Package microtype Info: Using default expansion set `alltext-nott'.
LaTeX Info: Redefining \showhyphens on input line 3.
Package microtype Info: No adjustment of tracking.
Package microtype Info: No adjustment of interword spacing.
Package microtype Info: No adjustment of character kerning.
Package microtype Info: Loading generic protrusion settings for font family
(microtype)             `cmbr' (encoding: T1).
(microtype)             For optimal results, create family-specific settings.
(microtype)             See the microtype manual for details.

(/usr/share/texmf-dist/tex/context/base/mkii/supp-pdf.mkii
[Loading MPS to PDF converter (version 2006.09.02).]
\scratchcounter=\count386
\scratchdimen=\dimen378
\scratchbox=\box104
\nofMPsegments=\count387
\nofMParguments=\count388
\everyMPshowfont=\toks50
\MPscratchCnt=\count389
\MPscratchDim=\dimen379
\MPnumerator=\count390
\makeMPintoPDFobject=\count391
\everyMPtoPDFconversion=\toks51
) (/usr/share/texmf-dist/tex/latex/epstopdf-pkg/epstopdf-base.sty
Package: epstopdf-base 2020-01-24 v2.11 Base part for package epstopdf
Package epstopdf-base Info: Redefining graphics rule for `.eps' on input line 4
85.

(/usr/share/texmf-dist/tex/latex/latexconfig/epstopdf-sys.cfg
File: epstopdf-sys.cfg 2010/07/13 v1.3 Configuration of (r)epstopdf for TeX Liv
e
))
(/usr/share/texmf-dist/tex/latex/pdflscape/pdflscape.sty
Package: pdflscape 2019/12/05 v0.12 Display of landscape pages in PDF (HO)

(/usr/share/texmf-dist/tex/latex/graphics/lscape.sty
Package: lscape 2020/05/28 v3.02 Landscape Pages (DPC)
)
Package pdflscape Info: Auto-detected driver: pdftex on input line 81.
)
(/usr/share/texmf-dist/tex/latex/translations/translations-basic-dictionary-fre
nch.trsl
File: translations-basic-dictionary-french.trsl (french translation file `trans
lations-basic-dictionary')
)
Package translations Info: loading dictionary `translations-basic-dictionary' f
or `french'. on input line 3.
<entete.pdf, id=4, 803.0pt x 50.1875pt>
File: entete.pdf Graphic file (type pdf)
<use entete.pdf>
Package pdftex.def Info: entete.pdf  used on input line 6.
(pdftex.def)             Requested size: 448.13095pt x 28.00906pt.
 (/usr/share/texmf-dist/tex/latex/cmbright/ot1cmbr.fd)
(/usr/share/texmf-dist/tex/latex/cmbright/omlcmbrm.fd)
(/usr/share/texmf-dist/tex/latex/cmbright/omscmbrs.fd)
(/usr/share/texmf-dist/tex/latex/stmaryrd/Ustmry.fd)
Overfull \hbox (12.59988pt too wide) in paragraph at lines 21--22
[][] 
 []

[1

{/var/lib/texmf/fonts/map/pdftex/updmap/pdftex.map} <./entete.pdf>]
\l__xsim_file_contents_iow=\write4
\openout4 = `xsim/travail_de_vacances-exercise-1-exercise-body.tex'.

LaTeX Font Info:    Font shape `T1/cmbr/b/n' in size <14.4> not available
(Font)              Font shape `T1/cmbr/bx/n' tried instead on input line 44.

(./xsim/travail_de_vacances-exercise-1-exercise-body.tex)
\openout4 = `xsim/travail_de_vacances-exercise-1-solution-body.tex'.

\openout4 = `xsim/travail_de_vacances-exercise-2-exercise-body.tex'.


(./xsim/travail_de_vacances-exercise-2-exercise-body.tex)
\openout4 = `xsim/travail_de_vacances-exercise-2-solution-body.tex'.

\openout4 = `xsim/travail_de_vacances-exercise-3-exercise-body.tex'.


(./xsim/travail_de_vacances-exercise-3-exercise-body.tex)
\openout4 = `xsim/travail_de_vacances-exercise-3-solution-body.tex'.

\openout4 = `xsim/travail_de_vacances-exercise-4-exercise-body.tex'.


(./xsim/travail_de_vacances-exercise-4-exercise-body.tex [1])
\openout4 = `xsim/travail_de_vacances-exercise-4-solution-body.tex'.

\openout4 = `xsim/travail_de_vacances-exercise-5-exercise-body.tex'.


(./xsim/travail_de_vacances-exercise-5-exercise-body.tex)
\openout4 = `xsim/travail_de_vacances-exercise-5-solution-body.tex'.

\openout4 = `xsim/travail_de_vacances-exercise-6-exercise-body.tex'.


(./xsim/travail_de_vacances-exercise-6-exercise-body.tex
(/usr/share/texmf-dist/tex/latex/cmbright/ts1cmbr.fd))
\openout4 = `xsim/travail_de_vacances-exercise-6-solution-body.tex'.

\openout4 = `xsim/travail_de_vacances-exercise-7-exercise-body.tex'.


(./xsim/travail_de_vacances-exercise-7-exercise-body.tex [2])
\openout4 = `xsim/travail_de_vacances-exercise-7-solution-body.tex'.

\openout4 = `xsim/travail_de_vacances-exercise-8-exercise-body.tex'.


(./xsim/travail_de_vacances-exercise-8-exercise-body.tex)
\openout4 = `xsim/travail_de_vacances-exercise-8-solution-body.tex'.

\openout4 = `xsim/travail_de_vacances-exercise-9-exercise-body.tex'.


(./xsim/travail_de_vacances-exercise-9-exercise-body.tex)
\openout4 = `xsim/travail_de_vacances-exercise-9-solution-body.tex'.

\openout4 = `xsim/travail_de_vacances-exercise-10-exercise-body.tex'.


(./xsim/travail_de_vacances-exercise-10-exercise-body.tex)
\openout4 = `xsim/travail_de_vacances-exercise-10-solution-body.tex'.

\openout4 = `xsim/travail_de_vacances-exercise-11-exercise-body.tex'.


(./xsim/travail_de_vacances-exercise-11-exercise-body.tex [3])
\openout4 = `xsim/travail_de_vacances-exercise-11-solution-body.tex'.

\openout4 = `xsim/travail_de_vacances-exercise-12-exercise-body.tex'.


(./xsim/travail_de_vacances-exercise-12-exercise-body.tex)
\openout4 = `xsim/travail_de_vacances-exercise-12-solution-body.tex'.

\openout4 = `xsim/travail_de_vacances-exercise-13-exercise-body.tex'.


(./xsim/travail_de_vacances-exercise-13-exercise-body.tex
(./tikz/drawing_two_angles.tikz) (./tikz/drawing_two_angles.tikz)
(./tikz/drawing_two_angles.tikz) (./tikz/drawing_two_angles.tikz))
\openout4 = `xsim/travail_de_vacances-exercise-13-solution-body.tex'.

\openout4 = `xsim/travail_de_vacances-exercise-14-exercise-body.tex'.


(./xsim/travail_de_vacances-exercise-14-exercise-body.tex
(./tikz/knowing_two_angles.tikz))
Overfull \hbox (15.25984pt too wide) in paragraph at lines 11--666
[]$[]$ $[]$ 
 []

\openout4 = `xsim/travail_de_vacances-exercise-14-solution-body.tex'.

\openout4 = `xsim/travail_de_vacances-exercise-15-exercise-body.tex'.

[4] (./xsim/travail_de_vacances-exercise-15-exercise-body.tex
(./tikz/angle_1.tikz) (./tikz/angle_2.tikz) (./tikz/angle_3.tikz)
Overfull \hbox (47.05759pt too wide) in paragraph at lines 18--18
[]
 []

[5])
\openout4 = `xsim/travail_de_vacances-exercise-15-solution-body.tex'.

\openout4 = `xsim/travail_de_vacances-exercise-16-exercise-body.tex'.

 (./xsim/travail_de_vacances-exercise-16-exercise-body.tex
(./tikz/trapeze.tikz))
\openout4 = `xsim/travail_de_vacances-exercise-16-solution-body.tex'.

\openout4 = `xsim/travail_de_vacances-exercise-17-exercise-body.tex'.


(./xsim/travail_de_vacances-exercise-17-exercise-body.tex (./tikz/sumixorp.tikz
))
\openout4 = `xsim/travail_de_vacances-exercise-17-solution-body.tex'.

\openout4 = `xsim/travail_de_vacances-exercise-18-exercise-body.tex'.

 (./xsim/travail_de_vacances-exercise-18-exercise-body.tex [6])
\openout4 = `xsim/travail_de_vacances-exercise-18-solution-body.tex'.

\openout4 = `xsim/travail_de_vacances-exercise-19-exercise-body.tex'.


(./xsim/travail_de_vacances-exercise-19-exercise-body.tex (./tikz/triangle.tikz
))
\openout4 = `xsim/travail_de_vacances-exercise-19-solution-body.tex'.

 [7]
\openout4 = `xsim/travail_de_vacances-exercise-20-exercise-body.tex'.

 (./xsim/travail_de_vacances-exercise-20-exercise-body.tex
<images/cocktail.jpg, id=45, 496.85625pt x 496.85625pt>
File: images/cocktail.jpg Graphic file (type jpg)
<use images/cocktail.jpg>
Package pdftex.def Info: images/cocktail.jpg  used on input line 12.
(pdftex.def)             Requested size: 134.44064pt x 134.44107pt.
)
\openout4 = `xsim/travail_de_vacances-exercise-20-solution-body.tex'.

\openout4 = `xsim/travail_de_vacances-exercise-21-exercise-body.tex'.


(./xsim/travail_de_vacances-exercise-21-exercise-body.tex [8 <./images/cocktail
.jpg>])
\openout4 = `xsim/travail_de_vacances-exercise-21-solution-body.tex'.

\openout4 = `xsim/travail_de_vacances-exercise-22-exercise-body.tex'.

 (./xsim/travail_de_vacances-exercise-22-exercise-body.tex)
\openout4 = `xsim/travail_de_vacances-exercise-22-solution-body.tex'.

\openout4 = `xsim/travail_de_vacances-exercise-23-exercise-body.tex'.


(./xsim/travail_de_vacances-exercise-23-exercise-body.tex
LaTeX Font Info:    Trying to load font information for U+fontawesomefree0 on i
nput line 14.

(/usr/share/texmf-dist/tex/latex/fontawesome5/ufontawesomefree0.fd))
\openout4 = `xsim/travail_de_vacances-exercise-23-solution-body.tex'.

 [9]
(./xsim/travail_de_vacances-exercise-1-solution-body.tex)
(./xsim/travail_de_vacances-exercise-2-solution-body.tex
\l__witharrows_x_dim=\dimen380
\l__witharrows_initial_int=\count392
\l__witharrows_final_int=\count393
\l__witharrows_arrow_int=\count394
\l__witharrows_pos_of_arrow_int=\count395
\l__witharrows_jump_int=\count396
\l__witharrows_first_arrow_of_group_int=\count397
\l__witharrows_first_line_of_group_int=\count398
\l__witharrows_last_line_of_group_int=\count399
\l__witharrows_first_arrow_int=\count400
\l__witharrows_last_arrow_int=\count401
\g__witharrows_x_initial_dim=\dimen381
\g__witharrows_x_final_dim=\dimen382
\g__witharrows_y_initial_dim=\dimen383
\g__witharrows_y_final_dim=\dimen384
LaTeX Font Info:    Font shape `T1/cmbr/m/it' in size <10.95> not available
(Font)              Font shape `T1/cmbr/m/sl' tried instead on input line 145.
 [1] [2] [3])
(./xsim/travail_de_vacances-exercise-3-solution-body.tex [4])
(./xsim/travail_de_vacances-exercise-4-solution-body.tex [5])
(./xsim/travail_de_vacances-exercise-5-solution-body.tex [6])
(./xsim/travail_de_vacances-exercise-6-solution-body.tex)
(./xsim/travail_de_vacances-exercise-7-solution-body.tex)
(./xsim/travail_de_vacances-exercise-8-solution-body.tex [7])
(./xsim/travail_de_vacances-exercise-9-solution-body.tex)
(./xsim/travail_de_vacances-exercise-10-solution-body.tex [8])
(./xsim/travail_de_vacances-exercise-11-solution-body.tex)
(./xsim/travail_de_vacances-exercise-12-solution-body.tex (./tikz/bm.tikz)
[9]) (./xsim/travail_de_vacances-exercise-13-solution-body.tex
(./tikz/opp_sommet_sol.tikz) (./tikz/alt_int_sol.tikz) (./tikz/corr_sol.tikz)
(./tikz/alt_ext_sol.tikz)) [10]
(./xsim/travail_de_vacances-exercise-14-solution-body.tex)
(./xsim/travail_de_vacances-exercise-15-solution-body.tex [11]) [12]
(./xsim/travail_de_vacances-exercise-16-solution-body.tex)
(./xsim/travail_de_vacances-exercise-17-solution-body.tex
(./tikz/sumixorp_sol.tikz))
(./xsim/travail_de_vacances-exercise-18-solution-body.tex [13])
(./xsim/travail_de_vacances-exercise-19-solution-body.tex)
(./xsim/travail_de_vacances-exercise-20-solution-body.tex [14])
(./xsim/travail_de_vacances-exercise-21-solution-body.tex)
(./xsim/travail_de_vacances-exercise-22-solution-body.tex) [15]
(./xsim/travail_de_vacances-exercise-23-solution-body.tex) [16]
(./travail_de_vacances.aux) ) 
Here is how much of TeX's memory you used:
 43335 strings out of 478238
 1012917 string characters out of 5850456
 1419102 words of memory out of 5000000
 60622 multiletter control sequences out of 15000+600000
 488853 words of font info for 114 fonts, out of 8000000 for 9000
 1141 hyphenation exceptions out of 8191
 108i,26n,111p,10634b,1451s stack positions out of 5000i,500n,10000p,200000b,80000s
{/usr/share/texmf-dist/fonts/enc/dvips/cm-super/cm
-super-t1.enc}{/usr/share/texmf-dist/fonts/enc/dvips/fontawesome5/fa5free0.enc}
{/usr/share/texmf-dist/fonts/enc/dvips/cm-super/cm-super-ts1.enc}</usr/share/te
xmf-dist/fonts/type1/public/fontawesome5/FontAwesome5Free-Solid.pfb></usr/share
/texmf-dist/fonts/type1/public/amsfonts/cm/cmex10.pfb></usr/share/texmf-dist/fo
nts/type1/public/hfbright/hfbr10.pfb></usr/share/texmf-dist/fonts/type1/public/
hfbright/hfbr8.pfb></usr/share/texmf-dist/fonts/type1/public/hfbright/hfbrmi10.
pfb></usr/share/texmf-dist/fonts/type1/public/hfbright/hfbrmi8.pfb></usr/share/
texmf-dist/fonts/type1/public/hfbright/hfbrsy10.pfb></usr/share/texmf-dist/font
s/type1/public/hfbright/hfbrsy8.pfb></usr/share/texmf-dist/fonts/type1/public/a
msfonts/latxfont/lasy6.pfb></usr/share/texmf-dist/fonts/type1/public/amsfonts/l
atxfont/line10.pfb></usr/share/texmf-dist/fonts/type1/public/cm-super/sfbbx10.p
fb></usr/share/texmf-dist/fonts/type1/public/cm-super/sfbmo10.pfb></usr/share/t
exmf-dist/fonts/type1/public/cm-super/sfbmr10.pfb></usr/share/texmf-dist/fonts/
type1/public/cm-super/sfbmr8.pfb></usr/share/texmf-dist/fonts/type1/public/stma
ryrd/stmary10.pfb>
Output written on travail_de_vacances.pdf (26 pages, 332887 bytes).
PDF statistics:
 180 PDF objects out of 1000 (max. 8388607)
 115 compressed objects within 2 object streams
 0 named destinations out of 1000 (max. 500000)
 34839 words of extra memory for PDF output out of 35830 (max. 10000000)

